c:\users\hexte\source\repos\fix4.4\fix4.4\debug\vc142.pdb
c:\users\hexte\source\repos\fix4.4\fix4.4\debug\vc142.idb
c:\users\hexte\source\repos\fix4.4\fix4.4\debug\fix.obj
c:\users\hexte\source\repos\fix4.4\debug\fix4.4.lib
c:\users\hexte\source\repos\fix4.4\debug\fix4.4.exp
c:\users\hexte\source\repos\fix4.4\debug\fix4.4.pdb
c:\users\hexte\source\repos\fix4.4\fix4.4\debug\fix4.4.tlog\cl.command.1.tlog
c:\users\hexte\source\repos\fix4.4\fix4.4\debug\fix4.4.tlog\cl.read.1.tlog
c:\users\hexte\source\repos\fix4.4\fix4.4\debug\fix4.4.tlog\cl.write.1.tlog
c:\users\hexte\source\repos\fix4.4\fix4.4\debug\fix4.4.tlog\fix4.4.write.1u.tlog
c:\users\hexte\source\repos\fix4.4\fix4.4\debug\fix4.4.tlog\link.10208-cvtres.read.1.tlog
c:\users\hexte\source\repos\fix4.4\fix4.4\debug\fix4.4.tlog\link.10208-cvtres.write.1.tlog
c:\users\hexte\source\repos\fix4.4\fix4.4\debug\fix4.4.tlog\link.10208-rc.read.1.tlog
c:\users\hexte\source\repos\fix4.4\fix4.4\debug\fix4.4.tlog\link.10208-rc.write.1.tlog
c:\users\hexte\source\repos\fix4.4\fix4.4\debug\fix4.4.tlog\link.10208.delete.1.tlog
c:\users\hexte\source\repos\fix4.4\fix4.4\debug\fix4.4.tlog\link.10208.read.1.tlog
c:\users\hexte\source\repos\fix4.4\fix4.4\debug\fix4.4.tlog\link.10208.write.1.tlog
c:\users\hexte\source\repos\fix4.4\fix4.4\debug\fix4.4.tlog\link.17088.delete.1.tlog
c:\users\hexte\source\repos\fix4.4\fix4.4\debug\fix4.4.tlog\link.17140.delete.1.tlog
c:\users\hexte\source\repos\fix4.4\fix4.4\debug\fix4.4.tlog\link.4592.delete.1.tlog
c:\users\hexte\source\repos\fix4.4\fix4.4\debug\fix4.4.tlog\link.7460.delete.1.tlog
c:\users\hexte\source\repos\fix4.4\fix4.4\debug\fix4.4.tlog\link.9792.delete.1.tlog
c:\users\hexte\source\repos\fix4.4\fix4.4\debug\fix4.4.tlog\link.command.1.tlog
c:\users\hexte\source\repos\fix4.4\fix4.4\debug\fix4.4.tlog\link.delete.1.tlog
c:\users\hexte\source\repos\fix4.4\fix4.4\debug\fix4.4.tlog\link.read.1.tlog
c:\users\hexte\source\repos\fix4.4\fix4.4\debug\fix4.4.tlog\link.write.1.tlog
